<?xml version="1.0" encoding="UTF-8"?><testsuite errors="1" failures="0" name="Busqueda en Google" skipped="0" tests="1" time="30.54" timestamp="2019-08-09 12:02:58"><testcase name="Busuqeda exitosa"><error message="no such window: target window already closed&#10;from unknown error: web view not found&#10;  (Session info: chrome=76.0.3809.100)&#10;Build info: version: '3.11.0', revision: 'e59cfb3', time: '2018-03-11T20:26:55.152Z'&#10;System info: host: 'SBMEDLAPPROMO6', ip: '172.23.85.157', os.name: 'Windows 10', os.arch: 'amd64', os.version: '10.0', java.version: '1.8.0_201'&#10;Driver info: org.openqa.selenium.remote.RemoteWebDriver&#10;Capabilities {acceptInsecureCerts: false, browserName: chrome, browserVersion: 76.0.3809.100, chrome: {chromedriverVersion: 76.0.3809.68 (420c9498db8ce..., userDataDir: C:\Users\MONICA~1.OSP\AppDa...}, goog:chromeOptions: {debuggerAddress: localhost:53373}, javascriptEnabled: true, networkConnectionEnabled: false, pageLoadStrategy: normal, platform: XP, platformName: XP, proxy: Proxy(), setWindowRect: true, strictFileInteractability: false, timeouts: {implicit: 0, pageLoad: 300000, script: 30000}, unhandledPromptBehavior: dismiss and notify}&#10;Session ID: 381ca28f19e3056ffb275fc46bf8ac2e&#10;*** Element info: {Using=xpath, value=//h3[contains(text(),'Quesito - Wikipedia, la enciclopedia libre')]}" type="java.lang.AssertionError">no such window: target window already closed
from unknown error: web view not found
  (Session info: chrome=76.0.3809.100)
Build info: version: '3.11.0', revision: 'e59cfb3', time: '2018-03-11T20:26:55.152Z'
System info: host: 'SBMEDLAPPROMO6', ip: '172.23.85.157', os.name: 'Windows 10', os.arch: 'amd64', os.version: '10.0', java.version: '1.8.0_201'
Driver info: org.openqa.selenium.remote.RemoteWebDriver
Capabilities {acceptInsecureCerts: false, browserName: chrome, browserVersion: 76.0.3809.100, chrome: {chromedriverVersion: 76.0.3809.68 (420c9498db8ce..., userDataDir: C:\Users\MONICA~1.OSP\AppDa...}, goog:chromeOptions: {debuggerAddress: localhost:53373}, javascriptEnabled: true, networkConnectionEnabled: false, pageLoadStrategy: normal, platform: XP, platformName: XP, proxy: Proxy(), setWindowRect: true, strictFileInteractability: false, timeouts: {implicit: 0, pageLoad: 300000, script: 30000}, unhandledPromptBehavior: dismiss and notify}
Session ID: 381ca28f19e3056ffb275fc46bf8ac2e
*** Element info: {Using=xpath, value=//h3[contains(text(),'Quesito - Wikipedia, la enciclopedia libre')]}</error><system-err>no such window: target window already closed
from unknown error: web view not found
  (Session info: chrome=76.0.3809.100)
Build info: version: '3.11.0', revision: 'e59cfb3', time: '2018-03-11T20:26:55.152Z'
System info: host: 'SBMEDLAPPROMO6', ip: '172.23.85.157', os.name: 'Windows 10', os.arch: 'amd64', os.version: '10.0', java.version: '1.8.0_201'
Driver info: org.openqa.selenium.remote.RemoteWebDriver
Capabilities {acceptInsecureCerts: false, browserName: chrome, browserVersion: 76.0.3809.100, chrome: {chromedriverVersion: 76.0.3809.68 (420c9498db8ce..., userDataDir: C:\Users\MONICA~1.OSP\AppDa...}, goog:chromeOptions: {debuggerAddress: localhost:53373}, javascriptEnabled: true, networkConnectionEnabled: false, pageLoadStrategy: normal, platform: XP, platformName: XP, proxy: Proxy(), setWindowRect: true, strictFileInteractability: false, timeouts: {implicit: 0, pageLoad: 300000, script: 30000}, unhandledPromptBehavior: dismiss and notify}
Session ID: 381ca28f19e3056ffb275fc46bf8ac2e
*** Element info: {Using=xpath, value=//h3[contains(text(),'Quesito - Wikipedia, la enciclopedia libre')]}&#13;
co.com.google.capacitacion.stepdefinitions.BuscarGoogleStepDefinitions.deberiaVerElResultadoDeWikipedia(BuscarGoogleStepDefinitions.java:48)&#13;
✽.deberia ver el resultado de wikipedia(src/test/resources/co/com/google/capacitacion/features/BuscarGoogle.feature:14)&#13;
</system-err></testcase></testsuite>